Traceback (most recent call last):
  File "C:\Users\Martin\anaconda3\envs\py37\lib\site-packages\jupyter_cache\executors\utils.py", line 56, in single_nb_execution
    record_timing=False,
  File "C:\Users\Martin\anaconda3\envs\py37\lib\site-packages\nbclient\client.py", line 1112, in execute
    return NotebookClient(nb=nb, resources=resources, km=km, **kwargs).execute()
  File "C:\Users\Martin\anaconda3\envs\py37\lib\site-packages\nbclient\util.py", line 74, in wrapped
    return just_run(coro(*args, **kwargs))
  File "C:\Users\Martin\anaconda3\envs\py37\lib\site-packages\nbclient\util.py", line 53, in just_run
    return loop.run_until_complete(coro)
  File "C:\Users\Martin\anaconda3\envs\py37\lib\asyncio\base_events.py", line 587, in run_until_complete
    return future.result()
  File "C:\Users\Martin\anaconda3\envs\py37\lib\site-packages\nbclient\client.py", line 554, in async_execute
    cell, index, execution_count=self.code_cells_executed + 1
  File "C:\Users\Martin\anaconda3\envs\py37\lib\site-packages\nbclient\client.py", line 857, in async_execute_cell
    self._check_raise_for_error(cell, exec_reply)
  File "C:\Users\Martin\anaconda3\envs\py37\lib\site-packages\nbclient\client.py", line 760, in _check_raise_for_error
    raise CellExecutionError.from_cell_and_msg(cell, exec_reply_content)
nbclient.exceptions.CellExecutionError: An error occurred while executing the following cell:
------------------

# OpenCV importieren:

import cv2



# path = 'relativer Speicherpfad / Dateiname':

path = 'pozi/pozi'



# Video laden:

cap = cv2.VideoCapture('pozi.MOV')
i = 0


# Prüfen ob ein Video geladen wurde:

if cap.isOpened() == False:
    print('ERROR: Datei nicht gefunden')

    
    
# Die Frames des Videos lesen:    
    
while(cap.isOpened()):
    ret, frame = cap.read()
     
    # sobald keine Frames mehr gelesen werden können (ret==False) wird abgebrochen:
    if ret == False:
        break
     
    # Die Frames speichern
    cv2.imwrite(path+str(i)+'.jpg', frame)
    i += 1
 

cap.release()
cv.destroyAllWindows()

------------------

[1;31m---------------------------------------------------------------------------[0m
[1;31mNameError[0m                                 Traceback (most recent call last)
[1;32m~\AppData\Local\Temp/ipykernel_656/3831377222.py[0m in [0;36m<module>[1;34m[0m
[0;32m     39[0m [1;33m[0m[0m
[0;32m     40[0m [0mcap[0m[1;33m.[0m[0mrelease[0m[1;33m([0m[1;33m)[0m[1;33m[0m[1;33m[0m[0m
[1;32m---> 41[1;33m [0mcv[0m[1;33m.[0m[0mdestroyAllWindows[0m[1;33m([0m[1;33m)[0m[1;33m[0m[1;33m[0m[0m
[0m
[1;31mNameError[0m: name 'cv' is not defined
NameError: name 'cv' is not defined

